0 verbose cli /opt/homebrew/Cellar/node/25.8.1_1/bin/node /opt/homebrew/bin/npm
1 info using npm@11.11.0
2 info using node@v25.8.1
3 silly config load:file:/opt/homebrew/lib/node_modules/npm/npmrc
4 silly config load:file:/Users/ariga/Documents/Test revamp ASYV/asyv-revamp/.npmrc
5 silly config load:file:/Users/ariga/.npmrc
6 silly config load:file:/opt/homebrew/etc/npmrc
7 verbose title npm install playwright@1.61.1
8 verbose argv "install" "--save-dev" "playwright@1.61.1"
9 verbose logfile logs-max:10 dir:/Users/ariga/Documents/Test revamp ASYV/asyv-revamp/.npm-cache/_logs/2026-06-24T20_52_02_069Z-
10 verbose logfile /Users/ariga/Documents/Test revamp ASYV/asyv-revamp/.npm-cache/_logs/2026-06-24T20_52_02_069Z-debug-0.log
11 silly logfile done cleaning log files
12 silly packumentCache heap:4496293888 maxSize:1124073472 maxEntrySize:562036736
13 verbose shrinkwrap failed to load node_modules/.package-lock.json out of date, updated: node_modules
14 silly idealTree buildDeps
15 silly fetch manifest playwright@1.61.1
16 silly packumentCache full:https://registry.npmjs.org/playwright cache-miss
17 http fetch GET 200 https://registry.npmjs.org/playwright 824ms (cache revalidated)
18 silly packumentCache full:https://registry.npmjs.org/playwright set size:16433966 disposed:false
19 silly placeDep ROOT playwright@1.61.1 OK for: asyv-revamp@0.0.0 want: 1.61.1
20 silly fetch manifest playwright-core@1.61.1
21 silly packumentCache full:https://registry.npmjs.org/playwright-core cache-miss
22 silly fetch manifest fsevents@2.3.2
23 silly packumentCache full:https://registry.npmjs.org/fsevents cache-miss
24 http fetch GET 200 https://registry.npmjs.org/fsevents 356ms (cache revalidated)
25 silly packumentCache full:https://registry.npmjs.org/fsevents set size:182472 disposed:false
26 http fetch GET 200 https://registry.npmjs.org/playwright-core 1332ms (cache revalidated)
27 silly packumentCache full:https://registry.npmjs.org/playwright-core set size:18163312 disposed:false
28 silly placeDep node_modules/playwright fsevents@2.3.2 OK for: playwright@1.61.1 want: 2.3.2
29 silly placeDep ROOT playwright-core@1.61.1 OK for: playwright@1.61.1 want: 1.61.1
30 silly reify moves {}
31 http cache fsevents@https://registry.npmjs.org/fsevents/-/fsevents-2.3.2.tgz 0ms (cache hit)
32 http cache playwright-core@https://registry.npmjs.org/playwright-core/-/playwright-core-1.61.1.tgz 0ms (cache hit)
33 http cache playwright@https://registry.npmjs.org/playwright/-/playwright-1.61.1.tgz 1ms (cache hit)
34 info run fsevents@2.3.2 install node_modules/playwright/node_modules/fsevents node-gyp rebuild
35 info run fsevents@2.3.2 install { code: 1, signal: null }
36 verbose reify failed optional dependency /Users/ariga/Documents/Test revamp ASYV/asyv-revamp/node_modules/playwright/node_modules/fsevents
37 silly reify mark deleted [
37 silly reify   '/Users/ariga/Documents/Test revamp ASYV/asyv-revamp/node_modules/playwright/node_modules/fsevents'
37 silly reify ]
38 silly ADD node_modules/playwright-core
39 silly ADD node_modules/playwright
40 silly ADD
41 verbose cwd /Users/ariga/Documents/Test revamp ASYV/asyv-revamp
42 verbose os Darwin 25.5.0
43 verbose node v25.8.1
44 verbose npm  v11.11.0
45 verbose exit 0
46 info ok
